<?xml version="1.0" encoding="UTF-8"?>
<testsuite name="com.mingu.pjt.springboot.web.HelloControllerTest" tests="2" skipped="0" failures="0" errors="0" timestamp="2020-08-19T13:48:24" hostname="DESKTOP-KNHT3OH" time="0.367">
  <properties/>
  <testcase name="hello가_리턴된다" classname="com.mingu.pjt.springboot.web.HelloControllerTest" time="0.156"/>
  <testcase name="helloDto가_리턴된다" classname="com.mingu.pjt.springboot.web.HelloControllerTest" time="0.21"/>
  <system-out><![CDATA[2020-08-19 22:48:21.202  INFO 136468 --- [    Test worker] .b.t.a.w.s.WebMvcTestContextBootstrapper : Neither @ContextConfiguration nor @ContextHierarchy found for test class [com.mingu.pjt.springboot.web.HelloControllerTest], using SpringBootContextLoader
2020-08-19 22:48:21.206  INFO 136468 --- [    Test worker] o.s.t.c.support.AbstractContextLoader    : Could not detect default resource locations for test class [com.mingu.pjt.springboot.web.HelloControllerTest]: no resource found for suffixes {-context.xml, Context.groovy}.
2020-08-19 22:48:21.207  INFO 136468 --- [    Test worker] t.c.s.AnnotationConfigContextLoaderUtils : Could not detect default configuration classes for test class [com.mingu.pjt.springboot.web.HelloControllerTest]: HelloControllerTest does not declare any static, non-private, non-final, nested classes annotated with @Configuration.
2020-08-19 22:48:21.311  INFO 136468 --- [    Test worker] .b.t.c.SpringBootTestContextBootstrapper : Found @SpringBootConfiguration com.mingu.pjt.springboot.Application for test class com.mingu.pjt.springboot.web.HelloControllerTest
2020-08-19 22:48:21.315  INFO 136468 --- [    Test worker] .b.t.a.w.s.WebMvcTestContextBootstrapper : Loaded default TestExecutionListener class names from location [META-INF/spring.factories]: [org.springframework.security.test.context.support.WithSecurityContextTestExecutionListener, org.springframework.security.test.context.support.ReactorContextTestExecutionListener, org.springframework.boot.test.autoconfigure.restdocs.RestDocsTestExecutionListener, org.springframework.boot.test.autoconfigure.web.client.MockRestServiceServerResetTestExecutionListener, org.springframework.boot.test.autoconfigure.web.servlet.MockMvcPrintOnlyOnFailureTestExecutionListener, org.springframework.boot.test.autoconfigure.web.servlet.WebDriverTestExecutionListener, org.springframework.boot.test.mock.mockito.MockitoTestExecutionListener, org.springframework.boot.test.mock.mockito.ResetMocksTestExecutionListener, org.springframework.test.context.web.ServletTestExecutionListener, org.springframework.test.context.support.DirtiesContextBeforeModesTestExecutionListener, org.springframework.test.context.support.DependencyInjectionTestExecutionListener, org.springframework.test.context.support.DirtiesContextTestExecutionListener, org.springframework.test.context.transaction.TransactionalTestExecutionListener, org.springframework.test.context.jdbc.SqlScriptsTestExecutionListener]
2020-08-19 22:48:21.322  INFO 136468 --- [    Test worker] .b.t.a.w.s.WebMvcTestContextBootstrapper : Using TestExecutionListeners: [org.springframework.test.context.web.ServletTestExecutionListener@2560d337, org.springframework.test.context.support.DirtiesContextBeforeModesTestExecutionListener@6c5bb413, org.springframework.boot.test.mock.mockito.MockitoTestExecutionListener@26efa5c6, org.springframework.boot.test.autoconfigure.SpringBootDependencyInjectionTestExecutionListener@117425fa, org.springframework.test.context.support.DirtiesContextTestExecutionListener@322eb588, org.springframework.test.context.transaction.TransactionalTestExecutionListener@3e474f2, org.springframework.test.context.jdbc.SqlScriptsTestExecutionListener@58fe30dd, org.springframework.security.test.context.support.WithSecurityContextTestExecutionListener@681595cd, org.springframework.security.test.context.support.ReactorContextTestExecutionListener@2f50ffb2, org.springframework.boot.test.autoconfigure.restdocs.RestDocsTestExecutionListener@fb35d4e, org.springframework.boot.test.autoconfigure.web.client.MockRestServiceServerResetTestExecutionListener@2662ecbd, org.springframework.boot.test.autoconfigure.web.servlet.MockMvcPrintOnlyOnFailureTestExecutionListener@629dae41, org.springframework.boot.test.autoconfigure.web.servlet.WebDriverTestExecutionListener@4a9860cf, org.springframework.boot.test.mock.mockito.ResetMocksTestExecutionListener@5fd40dff]

  .   ____          _            __ _ _
 /\\ / ___'_ __ _ _(_)_ __  __ _ \ \ \ \
( ( )\___ | '_ | '_| | '_ \/ _` | \ \ \ \
 \\/  ___)| |_)| | | | | || (_| |  ) ) ) )
  '  |____| .__|_| |_|_| |_\__, | / / / /
 =========|_|==============|___/=/_/_/_/
 :: Spring Boot ::        (v2.1.7.RELEASE)

2020-08-19 22:48:21.486  INFO 136468 --- [    Test worker] c.m.p.s.web.HelloControllerTest          : Starting HelloControllerTest on DESKTOP-KNHT3OH with PID 136468 (started by Mingu in C:\Users\Mingu\IdeaProjects\spring-boot-security-prac)
2020-08-19 22:48:21.489  INFO 136468 --- [    Test worker] c.m.p.s.web.HelloControllerTest          : No active profile set, falling back to default profiles: default
2020-08-19 22:48:22.865  INFO 136468 --- [    Test worker] o.s.s.concurrent.ThreadPoolTaskExecutor  : Initializing ExecutorService 'applicationTaskExecutor'
2020-08-19 22:48:22.989  INFO 136468 --- [    Test worker] o.s.b.a.w.s.WelcomePageHandlerMapping    : Adding welcome page template: index
2020-08-19 22:48:23.686  INFO 136468 --- [    Test worker] .s.s.UserDetailsServiceAutoConfiguration : 

Using generated security password: 3c8099c0-a131-404b-95e6-1c8931e0fb97

2020-08-19 22:48:24.065  INFO 136468 --- [    Test worker] o.s.s.web.DefaultSecurityFilterChain     : Creating filter chain: any request, [org.springframework.security.web.context.request.async.WebAsyncManagerIntegrationFilter@77a2f1f9, org.springframework.security.web.context.SecurityContextPersistenceFilter@420dad51, org.springframework.security.web.header.HeaderWriterFilter@a335200, org.springframework.security.web.csrf.CsrfFilter@67fb5b4e, org.springframework.security.web.authentication.logout.LogoutFilter@52abd9b4, org.springframework.security.web.authentication.UsernamePasswordAuthenticationFilter@5d1d7630, org.springframework.security.web.authentication.ui.DefaultLoginPageGeneratingFilter@72fa909a, org.springframework.security.web.authentication.ui.DefaultLogoutPageGeneratingFilter@76e2caa, org.springframework.security.web.authentication.www.BasicAuthenticationFilter@73dced26, org.springframework.security.web.savedrequest.RequestCacheAwareFilter@2fe2d4ac, org.springframework.security.web.servletapi.SecurityContextHolderAwareRequestFilter@3f513002, org.springframework.security.web.authentication.AnonymousAuthenticationFilter@13cf54bc, org.springframework.security.web.session.SessionManagementFilter@37af4923, org.springframework.security.web.access.ExceptionTranslationFilter@d5c0bcf, org.springframework.security.web.access.intercept.FilterSecurityInterceptor@366cdff3]
2020-08-19 22:48:24.159  INFO 136468 --- [    Test worker] o.s.b.t.m.w.SpringBootMockServletContext : Initializing Spring TestDispatcherServlet ''
2020-08-19 22:48:24.159  INFO 136468 --- [    Test worker] o.s.t.web.servlet.TestDispatcherServlet  : Initializing Servlet ''
2020-08-19 22:48:24.202  INFO 136468 --- [    Test worker] o.s.t.web.servlet.TestDispatcherServlet  : Completed initialization in 43 ms
2020-08-19 22:48:24.279  INFO 136468 --- [    Test worker] c.m.p.s.web.HelloControllerTest          : Started HelloControllerTest in 2.951 seconds (JVM running for 23.179)
]]></system-out>
  <system-err><![CDATA[]]></system-err>
</testsuite>
