<?xml version="1.0" encoding="UTF-8"?>
<testsuite name="com.mingu.pjt.springboot.web.IndexControllerTest" tests="1" skipped="0" failures="0" errors="0" timestamp="2020-02-24T07:17:32" hostname="DESKTOP-KNHT3OH" time="0.6">
  <properties/>
  <testcase name="메인페이지_로딩" classname="com.mingu.pjt.springboot.web.IndexControllerTest" time="0.6"/>
  <system-out><![CDATA[16:17:22.716 [Test worker] DEBUG org.springframework.test.context.junit4.SpringJUnit4ClassRunner - SpringJUnit4ClassRunner constructor called with [class com.mingu.pjt.springboot.web.IndexControllerTest]
16:17:22.734 [Test worker] DEBUG org.springframework.test.context.BootstrapUtils - Instantiating CacheAwareContextLoaderDelegate from class [org.springframework.test.context.cache.DefaultCacheAwareContextLoaderDelegate]
16:17:22.776 [Test worker] DEBUG org.springframework.test.context.BootstrapUtils - Instantiating BootstrapContext using constructor [public org.springframework.test.context.support.DefaultBootstrapContext(java.lang.Class,org.springframework.test.context.CacheAwareContextLoaderDelegate)]
16:17:22.811 [Test worker] DEBUG org.springframework.test.context.BootstrapUtils - Instantiating TestContextBootstrapper for test class [com.mingu.pjt.springboot.web.IndexControllerTest] from class [org.springframework.boot.test.context.SpringBootTestContextBootstrapper]
16:17:22.850 [Test worker] INFO org.springframework.boot.test.context.SpringBootTestContextBootstrapper - Neither @ContextConfiguration nor @ContextHierarchy found for test class [com.mingu.pjt.springboot.web.IndexControllerTest], using SpringBootContextLoader
16:17:22.857 [Test worker] DEBUG org.springframework.test.context.support.AbstractContextLoader - Did not detect default resource location for test class [com.mingu.pjt.springboot.web.IndexControllerTest]: class path resource [com/mingu/pjt/springboot/web/IndexControllerTest-context.xml] does not exist
16:17:22.858 [Test worker] DEBUG org.springframework.test.context.support.AbstractContextLoader - Did not detect default resource location for test class [com.mingu.pjt.springboot.web.IndexControllerTest]: class path resource [com/mingu/pjt/springboot/web/IndexControllerTestContext.groovy] does not exist
16:17:22.858 [Test worker] INFO org.springframework.test.context.support.AbstractContextLoader - Could not detect default resource locations for test class [com.mingu.pjt.springboot.web.IndexControllerTest]: no resource found for suffixes {-context.xml, Context.groovy}.
16:17:22.860 [Test worker] INFO org.springframework.test.context.support.AnnotationConfigContextLoaderUtils - Could not detect default configuration classes for test class [com.mingu.pjt.springboot.web.IndexControllerTest]: IndexControllerTest does not declare any static, non-private, non-final, nested classes annotated with @Configuration.
16:17:22.962 [Test worker] DEBUG org.springframework.test.context.support.ActiveProfilesUtils - Could not find an 'annotation declaring class' for annotation type [org.springframework.test.context.ActiveProfiles] and class [com.mingu.pjt.springboot.web.IndexControllerTest]
16:17:23.121 [Test worker] DEBUG org.springframework.context.annotation.ClassPathScanningCandidateComponentProvider - Identified candidate component class: file [C:\Users\Mingu\IdeaProjects\mingu_webPjt\build\classes\java\main\com\mingu\pjt\springboot\Application.class]
16:17:23.124 [Test worker] INFO org.springframework.boot.test.context.SpringBootTestContextBootstrapper - Found @SpringBootConfiguration com.mingu.pjt.springboot.Application for test class com.mingu.pjt.springboot.web.IndexControllerTest
16:17:23.290 [Test worker] DEBUG org.springframework.boot.test.context.SpringBootTestContextBootstrapper - @TestExecutionListeners is not present for class [com.mingu.pjt.springboot.web.IndexControllerTest]: using defaults.
16:17:23.292 [Test worker] INFO org.springframework.boot.test.context.SpringBootTestContextBootstrapper - Loaded default TestExecutionListener class names from location [META-INF/spring.factories]: [org.springframework.boot.test.autoconfigure.restdocs.RestDocsTestExecutionListener, org.springframework.boot.test.autoconfigure.web.client.MockRestServiceServerResetTestExecutionListener, org.springframework.boot.test.autoconfigure.web.servlet.MockMvcPrintOnlyOnFailureTestExecutionListener, org.springframework.boot.test.autoconfigure.web.servlet.WebDriverTestExecutionListener, org.springframework.boot.test.mock.mockito.MockitoTestExecutionListener, org.springframework.boot.test.mock.mockito.ResetMocksTestExecutionListener, org.springframework.test.context.web.ServletTestExecutionListener, org.springframework.test.context.support.DirtiesContextBeforeModesTestExecutionListener, org.springframework.test.context.support.DependencyInjectionTestExecutionListener, org.springframework.test.context.support.DirtiesContextTestExecutionListener, org.springframework.test.context.transaction.TransactionalTestExecutionListener, org.springframework.test.context.jdbc.SqlScriptsTestExecutionListener]
16:17:23.330 [Test worker] INFO org.springframework.boot.test.context.SpringBootTestContextBootstrapper - Using TestExecutionListeners: [org.springframework.test.context.web.ServletTestExecutionListener@27ff5986, org.springframework.test.context.support.DirtiesContextBeforeModesTestExecutionListener@308961ce, org.springframework.boot.test.mock.mockito.MockitoTestExecutionListener@7710ee23, org.springframework.boot.test.autoconfigure.SpringBootDependencyInjectionTestExecutionListener@75a49c89, org.springframework.test.context.support.DirtiesContextTestExecutionListener@284ac8d2, org.springframework.test.context.transaction.TransactionalTestExecutionListener@53b64b04, org.springframework.test.context.jdbc.SqlScriptsTestExecutionListener@2327c6a7, org.springframework.boot.test.autoconfigure.restdocs.RestDocsTestExecutionListener@7236569e, org.springframework.boot.test.autoconfigure.web.client.MockRestServiceServerResetTestExecutionListener@cc40c52, org.springframework.boot.test.autoconfigure.web.servlet.MockMvcPrintOnlyOnFailureTestExecutionListener@6d4b98a5, org.springframework.boot.test.autoconfigure.web.servlet.WebDriverTestExecutionListener@70446955, org.springframework.boot.test.mock.mockito.ResetMocksTestExecutionListener@30065365]
16:17:23.337 [Test worker] DEBUG org.springframework.test.annotation.ProfileValueUtils - Retrieved @ProfileValueSourceConfiguration [null] for test class [com.mingu.pjt.springboot.web.IndexControllerTest]
16:17:23.338 [Test worker] DEBUG org.springframework.test.annotation.ProfileValueUtils - Retrieved ProfileValueSource type [class org.springframework.test.annotation.SystemProfileValueSource] for class [com.mingu.pjt.springboot.web.IndexControllerTest]
16:17:23.341 [Test worker] DEBUG org.springframework.test.annotation.ProfileValueUtils - Retrieved @ProfileValueSourceConfiguration [null] for test class [com.mingu.pjt.springboot.web.IndexControllerTest]
16:17:23.342 [Test worker] DEBUG org.springframework.test.annotation.ProfileValueUtils - Retrieved ProfileValueSource type [class org.springframework.test.annotation.SystemProfileValueSource] for class [com.mingu.pjt.springboot.web.IndexControllerTest]
16:17:23.343 [Test worker] DEBUG org.springframework.test.annotation.ProfileValueUtils - Retrieved @ProfileValueSourceConfiguration [null] for test class [com.mingu.pjt.springboot.web.IndexControllerTest]
16:17:23.343 [Test worker] DEBUG org.springframework.test.annotation.ProfileValueUtils - Retrieved ProfileValueSource type [class org.springframework.test.annotation.SystemProfileValueSource] for class [com.mingu.pjt.springboot.web.IndexControllerTest]
16:17:23.353 [Test worker] DEBUG org.springframework.test.context.support.AbstractDirtiesContextTestExecutionListener - Before test class: context [DefaultTestContext@9afc834 testClass = IndexControllerTest, testInstance = [null], testMethod = [null], testException = [null], mergedContextConfiguration = [WebMergedContextConfiguration@383a966c testClass = IndexControllerTest, locations = '{}', classes = '{class com.mingu.pjt.springboot.Application}', contextInitializerClasses = '[]', activeProfiles = '{}', propertySourceLocations = '{}', propertySourceProperties = '{org.springframework.boot.test.context.SpringBootTestContextBootstrapper=true, server.port=0}', contextCustomizers = set[org.springframework.boot.test.autoconfigure.properties.PropertyMappingContextCustomizer@0, org.springframework.boot.test.autoconfigure.web.servlet.WebDriverContextCustomizerFactory$Customizer@764bbb88, org.springframework.boot.test.context.filter.ExcludeFilterContextCustomizer@6d126b18, org.springframework.boot.test.json.DuplicateJsonObjectContextCustomizerFactory$DuplicateJsonObjectContextCustomizer@4f122544, org.springframework.boot.test.mock.mockito.MockitoContextCustomizer@0, org.springframework.boot.test.web.client.TestRestTemplateContextCustomizer@1554350d], resourceBasePath = 'src/main/webapp', contextLoader = 'org.springframework.boot.test.context.SpringBootContextLoader', parent = [null]], attributes = map['org.springframework.test.context.web.ServletTestExecutionListener.activateListener' -> false]], class annotated with @DirtiesContext [false] with mode [null].
16:17:23.355 [Test worker] DEBUG org.springframework.test.annotation.ProfileValueUtils - Retrieved @ProfileValueSourceConfiguration [null] for test class [com.mingu.pjt.springboot.web.IndexControllerTest]
16:17:23.355 [Test worker] DEBUG org.springframework.test.annotation.ProfileValueUtils - Retrieved ProfileValueSource type [class org.springframework.test.annotation.SystemProfileValueSource] for class [com.mingu.pjt.springboot.web.IndexControllerTest]
16:17:23.365 [Test worker] DEBUG org.springframework.test.context.support.DependencyInjectionTestExecutionListener - Performing dependency injection for test context [[DefaultTestContext@9afc834 testClass = IndexControllerTest, testInstance = com.mingu.pjt.springboot.web.IndexControllerTest@2f9ba004, testMethod = [null], testException = [null], mergedContextConfiguration = [WebMergedContextConfiguration@383a966c testClass = IndexControllerTest, locations = '{}', classes = '{class com.mingu.pjt.springboot.Application}', contextInitializerClasses = '[]', activeProfiles = '{}', propertySourceLocations = '{}', propertySourceProperties = '{org.springframework.boot.test.context.SpringBootTestContextBootstrapper=true, server.port=0}', contextCustomizers = set[org.springframework.boot.test.autoconfigure.properties.PropertyMappingContextCustomizer@0, org.springframework.boot.test.autoconfigure.web.servlet.WebDriverContextCustomizerFactory$Customizer@764bbb88, org.springframework.boot.test.context.filter.ExcludeFilterContextCustomizer@6d126b18, org.springframework.boot.test.json.DuplicateJsonObjectContextCustomizerFactory$DuplicateJsonObjectContextCustomizer@4f122544, org.springframework.boot.test.mock.mockito.MockitoContextCustomizer@0, org.springframework.boot.test.web.client.TestRestTemplateContextCustomizer@1554350d], resourceBasePath = 'src/main/webapp', contextLoader = 'org.springframework.boot.test.context.SpringBootContextLoader', parent = [null]], attributes = map['org.springframework.test.context.web.ServletTestExecutionListener.activateListener' -> false]]].
16:17:23.405 [Test worker] DEBUG org.springframework.test.context.support.TestPropertySourceUtils - Adding inlined properties to environment: {spring.jmx.enabled=false, org.springframework.boot.test.context.SpringBootTestContextBootstrapper=true, server.port=0}

  .   ____          _            __ _ _
 /\\ / ___'_ __ _ _(_)_ __  __ _ \ \ \ \
( ( )\___ | '_ | '_| | '_ \/ _` | \ \ \ \
 \\/  ___)| |_)| | | | | || (_| |  ) ) ) )
  '  |____| .__|_| |_|_| |_\__, | / / / /
 =========|_|==============|___/=/_/_/_/
 :: Spring Boot ::        (v2.1.7.RELEASE)

2020-02-24 16:17:23.853  INFO 30552 --- [    Test worker] c.m.p.s.web.IndexControllerTest          : Starting IndexControllerTest on DESKTOP-KNHT3OH with PID 30552 (started by Mingu in C:\Users\Mingu\IdeaProjects\mingu_webPjt)
2020-02-24 16:17:23.855  INFO 30552 --- [    Test worker] c.m.p.s.web.IndexControllerTest          : No active profile set, falling back to default profiles: default
2020-02-24 16:17:25.109  INFO 30552 --- [    Test worker] .s.d.r.c.RepositoryConfigurationDelegate : Bootstrapping Spring Data repositories in DEFAULT mode.
2020-02-24 16:17:25.258  INFO 30552 --- [    Test worker] .s.d.r.c.RepositoryConfigurationDelegate : Finished Spring Data repository scanning in 132ms. Found 1 repository interfaces.
2020-02-24 16:17:25.857  INFO 30552 --- [    Test worker] trationDelegate$BeanPostProcessorChecker : Bean 'org.springframework.transaction.annotation.ProxyTransactionManagementConfiguration' of type [org.springframework.transaction.annotation.ProxyTransactionManagementConfiguration$$EnhancerBySpringCGLIB$$bf8ba247] is not eligible for getting processed by all BeanPostProcessors (for example: not eligible for auto-proxying)
2020-02-24 16:17:26.669  INFO 30552 --- [    Test worker] o.s.b.w.embedded.tomcat.TomcatWebServer  : Tomcat initialized with port(s): 0 (http)
2020-02-24 16:17:26.717  INFO 30552 --- [    Test worker] o.apache.catalina.core.StandardService   : Starting service [Tomcat]
2020-02-24 16:17:26.718  INFO 30552 --- [    Test worker] org.apache.catalina.core.StandardEngine  : Starting Servlet engine: [Apache Tomcat/9.0.22]
2020-02-24 16:17:26.969  INFO 30552 --- [    Test worker] o.a.c.c.C.[Tomcat].[localhost].[/]       : Initializing Spring embedded WebApplicationContext
2020-02-24 16:17:26.969  INFO 30552 --- [    Test worker] o.s.web.context.ContextLoader            : Root WebApplicationContext: initialization completed in 3076 ms
2020-02-24 16:17:27.455  INFO 30552 --- [    Test worker] com.zaxxer.hikari.HikariDataSource       : HikariPool-1 - Starting...
2020-02-24 16:17:27.815  INFO 30552 --- [    Test worker] com.zaxxer.hikari.HikariDataSource       : HikariPool-1 - Start completed.
2020-02-24 16:17:27.981  INFO 30552 --- [    Test worker] o.hibernate.jpa.internal.util.LogHelper  : HHH000204: Processing PersistenceUnitInfo [
	name: default
	...]
2020-02-24 16:17:28.130  INFO 30552 --- [    Test worker] org.hibernate.Version                    : HHH000412: Hibernate Core {5.3.10.Final}
2020-02-24 16:17:28.133  INFO 30552 --- [    Test worker] org.hibernate.cfg.Environment            : HHH000206: hibernate.properties not found
2020-02-24 16:17:28.412  INFO 30552 --- [    Test worker] o.hibernate.annotations.common.Version   : HCANN000001: Hibernate Commons Annotations {5.0.4.Final}
2020-02-24 16:17:28.714  INFO 30552 --- [    Test worker] org.hibernate.dialect.Dialect            : HHH000400: Using dialect: org.hibernate.dialect.MySQL5Dialect
Hibernate: drop table if exists posts
Hibernate: create table posts (id bigint not null auto_increment, created_date datetime, modified_date datetime, author varchar(255), content TEXT not null, title varchar(500) not null, primary key (id)) engine=MyISAM
2020-02-24 16:17:29.885  INFO 30552 --- [    Test worker] o.h.t.schema.internal.SchemaCreatorImpl  : HHH000476: Executing import script 'org.hibernate.tool.schema.internal.exec.ScriptSourceInputNonExistentImpl@6762ea2f'
2020-02-24 16:17:29.892  INFO 30552 --- [    Test worker] j.LocalContainerEntityManagerFactoryBean : Initialized JPA EntityManagerFactory for persistence unit 'default'
2020-02-24 16:17:31.615  INFO 30552 --- [    Test worker] o.s.s.concurrent.ThreadPoolTaskExecutor  : Initializing ExecutorService 'applicationTaskExecutor'
2020-02-24 16:17:31.729  WARN 30552 --- [    Test worker] aWebConfiguration$JpaWebMvcConfiguration : spring.jpa.open-in-view is enabled by default. Therefore, database queries may be performed during view rendering. Explicitly configure spring.jpa.open-in-view to disable this warning
2020-02-24 16:17:31.821  INFO 30552 --- [    Test worker] o.s.b.a.w.s.WelcomePageHandlerMapping    : Adding welcome page template: index
2020-02-24 16:17:32.597  INFO 30552 --- [    Test worker] o.s.b.w.embedded.tomcat.TomcatWebServer  : Tomcat started on port(s): 13576 (http) with context path ''
2020-02-24 16:17:32.603  INFO 30552 --- [    Test worker] c.m.p.s.web.IndexControllerTest          : Started IndexControllerTest in 9.195 seconds (JVM running for 11.735)
2020-02-24 16:17:32.929  INFO 30552 --- [o-auto-1-exec-2] o.a.c.c.C.[Tomcat].[localhost].[/]       : Initializing Spring DispatcherServlet 'dispatcherServlet'
2020-02-24 16:17:32.930  INFO 30552 --- [o-auto-1-exec-2] o.s.web.servlet.DispatcherServlet        : Initializing Servlet 'dispatcherServlet'
2020-02-24 16:17:32.977  INFO 30552 --- [o-auto-1-exec-2] o.s.web.servlet.DispatcherServlet        : Completed initialization in 47 ms
]]></system-out>
  <system-err><![CDATA[]]></system-err>
</testsuite>
