<?xml version="1.0" encoding="UTF-8"?>
<testsuite name="com.mingu.pjt.springboot.web.dto.HelloResponseDtoTest" tests="1" skipped="0" failures="0" errors="0" timestamp="2020-08-19T13:48:21" hostname="DESKTOP-KNHT3OH" time="0.009">
  <properties/>
  <testcase name="롬복_기능_테스트" classname="com.mingu.pjt.springboot.web.dto.HelloResponseDtoTest" time="0.009"/>
  <system-out><![CDATA[]]></system-out>
  <system-err><![CDATA[]]></system-err>
</testsuite>
