<?xml version="1.0" encoding="UTF-8"?>
<testsuite name="com.mingu.pjt.springboot.web.HelloControllerTest" tests="2" skipped="0" failures="0" errors="0" timestamp="2020-03-03T08:36:36" hostname="DESKTOP-KNHT3OH" time="0.989">
  <properties/>
  <testcase name="hello가_리턴된다" classname="com.mingu.pjt.springboot.web.HelloControllerTest" time="0.771"/>
  <testcase name="helloDto가_리턴된다" classname="com.mingu.pjt.springboot.web.HelloControllerTest" time="0.217"/>
  <system-out><![CDATA[17:36:27.845 [Test worker] DEBUG org.springframework.test.context.junit4.SpringJUnit4ClassRunner - SpringJUnit4ClassRunner constructor called with [class com.mingu.pjt.springboot.web.HelloControllerTest]
17:36:27.867 [Test worker] DEBUG org.springframework.test.context.BootstrapUtils - Instantiating CacheAwareContextLoaderDelegate from class [org.springframework.test.context.cache.DefaultCacheAwareContextLoaderDelegate]
17:36:27.894 [Test worker] DEBUG org.springframework.test.context.BootstrapUtils - Instantiating BootstrapContext using constructor [public org.springframework.test.context.support.DefaultBootstrapContext(java.lang.Class,org.springframework.test.context.CacheAwareContextLoaderDelegate)]
17:36:27.941 [Test worker] DEBUG org.springframework.test.context.BootstrapUtils - Instantiating TestContextBootstrapper for test class [com.mingu.pjt.springboot.web.HelloControllerTest] from class [org.springframework.boot.test.autoconfigure.web.servlet.WebMvcTestContextBootstrapper]
17:36:27.988 [Test worker] INFO org.springframework.boot.test.autoconfigure.web.servlet.WebMvcTestContextBootstrapper - Neither @ContextConfiguration nor @ContextHierarchy found for test class [com.mingu.pjt.springboot.web.HelloControllerTest], using SpringBootContextLoader
17:36:27.998 [Test worker] DEBUG org.springframework.test.context.support.AbstractContextLoader - Did not detect default resource location for test class [com.mingu.pjt.springboot.web.HelloControllerTest]: class path resource [com/mingu/pjt/springboot/web/HelloControllerTest-context.xml] does not exist
17:36:28.000 [Test worker] DEBUG org.springframework.test.context.support.AbstractContextLoader - Did not detect default resource location for test class [com.mingu.pjt.springboot.web.HelloControllerTest]: class path resource [com/mingu/pjt/springboot/web/HelloControllerTestContext.groovy] does not exist
17:36:28.001 [Test worker] INFO org.springframework.test.context.support.AbstractContextLoader - Could not detect default resource locations for test class [com.mingu.pjt.springboot.web.HelloControllerTest]: no resource found for suffixes {-context.xml, Context.groovy}.
17:36:28.003 [Test worker] INFO org.springframework.test.context.support.AnnotationConfigContextLoaderUtils - Could not detect default configuration classes for test class [com.mingu.pjt.springboot.web.HelloControllerTest]: HelloControllerTest does not declare any static, non-private, non-final, nested classes annotated with @Configuration.
17:36:28.191 [Test worker] DEBUG org.springframework.test.context.support.ActiveProfilesUtils - Could not find an 'annotation declaring class' for annotation type [org.springframework.test.context.ActiveProfiles] and class [com.mingu.pjt.springboot.web.HelloControllerTest]
17:36:28.406 [Test worker] DEBUG org.springframework.context.annotation.ClassPathScanningCandidateComponentProvider - Identified candidate component class: file [C:\Users\Mingu\IdeaProjects\mingu_webPjt\build\classes\java\main\com\mingu\pjt\springboot\Application.class]
17:36:28.408 [Test worker] INFO org.springframework.boot.test.context.SpringBootTestContextBootstrapper - Found @SpringBootConfiguration com.mingu.pjt.springboot.Application for test class com.mingu.pjt.springboot.web.HelloControllerTest
17:36:28.413 [Test worker] DEBUG org.springframework.boot.test.autoconfigure.web.servlet.WebMvcTestContextBootstrapper - @TestExecutionListeners is not present for class [com.mingu.pjt.springboot.web.HelloControllerTest]: using defaults.
17:36:28.416 [Test worker] INFO org.springframework.boot.test.autoconfigure.web.servlet.WebMvcTestContextBootstrapper - Loaded default TestExecutionListener class names from location [META-INF/spring.factories]: [org.springframework.security.test.context.support.WithSecurityContextTestExecutionListener, org.springframework.security.test.context.support.ReactorContextTestExecutionListener, org.springframework.boot.test.autoconfigure.restdocs.RestDocsTestExecutionListener, org.springframework.boot.test.autoconfigure.web.client.MockRestServiceServerResetTestExecutionListener, org.springframework.boot.test.autoconfigure.web.servlet.MockMvcPrintOnlyOnFailureTestExecutionListener, org.springframework.boot.test.autoconfigure.web.servlet.WebDriverTestExecutionListener, org.springframework.boot.test.mock.mockito.MockitoTestExecutionListener, org.springframework.boot.test.mock.mockito.ResetMocksTestExecutionListener, org.springframework.test.context.web.ServletTestExecutionListener, org.springframework.test.context.support.DirtiesContextBeforeModesTestExecutionListener, org.springframework.test.context.support.DependencyInjectionTestExecutionListener, org.springframework.test.context.support.DirtiesContextTestExecutionListener, org.springframework.test.context.transaction.TransactionalTestExecutionListener, org.springframework.test.context.jdbc.SqlScriptsTestExecutionListener]
17:36:28.502 [Test worker] INFO org.springframework.boot.test.autoconfigure.web.servlet.WebMvcTestContextBootstrapper - Using TestExecutionListeners: [org.springframework.test.context.web.ServletTestExecutionListener@3ec80c2c, org.springframework.test.context.support.DirtiesContextBeforeModesTestExecutionListener@e783b30, org.springframework.boot.test.mock.mockito.MockitoTestExecutionListener@5627728d, org.springframework.boot.test.autoconfigure.SpringBootDependencyInjectionTestExecutionListener@6d741855, org.springframework.test.context.support.DirtiesContextTestExecutionListener@1323d0bb, org.springframework.test.context.transaction.TransactionalTestExecutionListener@5ccdd854, org.springframework.test.context.jdbc.SqlScriptsTestExecutionListener@31136a5a, org.springframework.security.test.context.support.WithSecurityContextTestExecutionListener@7c687a9d, org.springframework.security.test.context.support.ReactorContextTestExecutionListener@7143dba3, org.springframework.boot.test.autoconfigure.restdocs.RestDocsTestExecutionListener@43feb2a7, org.springframework.boot.test.autoconfigure.web.client.MockRestServiceServerResetTestExecutionListener@69954138, org.springframework.boot.test.autoconfigure.web.servlet.MockMvcPrintOnlyOnFailureTestExecutionListener@56166205, org.springframework.boot.test.autoconfigure.web.servlet.WebDriverTestExecutionListener@396735a7, org.springframework.boot.test.mock.mockito.ResetMocksTestExecutionListener@fbac3a6]
17:36:28.515 [Test worker] DEBUG org.springframework.test.annotation.ProfileValueUtils - Retrieved @ProfileValueSourceConfiguration [null] for test class [com.mingu.pjt.springboot.web.HelloControllerTest]
17:36:28.518 [Test worker] DEBUG org.springframework.test.annotation.ProfileValueUtils - Retrieved ProfileValueSource type [class org.springframework.test.annotation.SystemProfileValueSource] for class [com.mingu.pjt.springboot.web.HelloControllerTest]
17:36:28.521 [Test worker] DEBUG org.springframework.test.annotation.ProfileValueUtils - Retrieved @ProfileValueSourceConfiguration [null] for test class [com.mingu.pjt.springboot.web.HelloControllerTest]
17:36:28.521 [Test worker] DEBUG org.springframework.test.annotation.ProfileValueUtils - Retrieved ProfileValueSource type [class org.springframework.test.annotation.SystemProfileValueSource] for class [com.mingu.pjt.springboot.web.HelloControllerTest]
17:36:28.539 [Test worker] DEBUG org.springframework.test.context.support.AbstractDirtiesContextTestExecutionListener - Before test class: context [DefaultTestContext@5268cc9 testClass = HelloControllerTest, testInstance = [null], testMethod = [null], testException = [null], mergedContextConfiguration = [WebMergedContextConfiguration@2454db5 testClass = HelloControllerTest, locations = '{}', classes = '{class com.mingu.pjt.springboot.Application}', contextInitializerClasses = '[]', activeProfiles = '{}', propertySourceLocations = '{}', propertySourceProperties = '{org.springframework.boot.test.autoconfigure.web.servlet.WebMvcTestContextBootstrapper=true}', contextCustomizers = set[org.springframework.boot.test.autoconfigure.OverrideAutoConfigurationContextCustomizerFactory$DisableAutoConfigurationContextCustomizer@6aa152d2, org.springframework.boot.test.autoconfigure.filter.TypeExcludeFiltersContextCustomizer@e2933426, org.springframework.boot.test.autoconfigure.properties.PropertyMappingContextCustomizer@f560820e, org.springframework.boot.test.autoconfigure.web.servlet.WebDriverContextCustomizerFactory$Customizer@6ac51742, [ImportsContextCustomizer@21cb5de key = [org.springframework.boot.autoconfigure.cache.CacheAutoConfiguration, org.springframework.boot.autoconfigure.context.MessageSourceAutoConfiguration, org.springframework.boot.autoconfigure.data.web.SpringDataWebAutoConfiguration, org.springframework.boot.autoconfigure.freemarker.FreeMarkerAutoConfiguration, org.springframework.boot.autoconfigure.groovy.template.GroovyTemplateAutoConfiguration, org.springframework.boot.autoconfigure.gson.GsonAutoConfiguration, org.springframework.boot.autoconfigure.hateoas.HypermediaAutoConfiguration, org.springframework.boot.autoconfigure.http.HttpMessageConvertersAutoConfiguration, org.springframework.boot.autoconfigure.jackson.JacksonAutoConfiguration, org.springframework.boot.autoconfigure.jsonb.JsonbAutoConfiguration, org.springframework.boot.autoconfigure.mustache.MustacheAutoConfiguration, org.springframework.boot.autoconfigure.task.TaskExecutionAutoConfiguration, org.springframework.boot.autoconfigure.thymeleaf.ThymeleafAutoConfiguration, org.springframework.boot.autoconfigure.validation.ValidationAutoConfiguration, org.springframework.boot.autoconfigure.web.servlet.error.ErrorMvcAutoConfiguration, org.springframework.boot.autoconfigure.web.servlet.WebMvcAutoConfiguration, org.springframework.boot.test.autoconfigure.web.servlet.MockMvcAutoConfiguration, org.springframework.boot.test.autoconfigure.web.servlet.MockMvcSecurityAutoConfiguration, org.springframework.boot.test.autoconfigure.web.servlet.MockMvcWebClientAutoConfiguration, org.springframework.boot.test.autoconfigure.web.servlet.MockMvcWebDriverAutoConfiguration]], org.springframework.boot.test.context.filter.ExcludeFilterContextCustomizer@4200c766, org.springframework.boot.test.json.DuplicateJsonObjectContextCustomizerFactory$DuplicateJsonObjectContextCustomizer@73cf4bdc, org.springframework.boot.test.mock.mockito.MockitoContextCustomizer@0], resourceBasePath = 'src/main/webapp', contextLoader = 'org.springframework.boot.test.context.SpringBootContextLoader', parent = [null]], attributes = map[[empty]]], class annotated with @DirtiesContext [false] with mode [null].
17:36:28.543 [Test worker] DEBUG org.springframework.test.annotation.ProfileValueUtils - Retrieved @ProfileValueSourceConfiguration [null] for test class [com.mingu.pjt.springboot.web.HelloControllerTest]
17:36:28.544 [Test worker] DEBUG org.springframework.test.annotation.ProfileValueUtils - Retrieved ProfileValueSource type [class org.springframework.test.annotation.SystemProfileValueSource] for class [com.mingu.pjt.springboot.web.HelloControllerTest]
17:36:28.560 [Test worker] DEBUG org.springframework.test.context.support.DependencyInjectionTestExecutionListener - Performing dependency injection for test context [[DefaultTestContext@5268cc9 testClass = HelloControllerTest, testInstance = com.mingu.pjt.springboot.web.HelloControllerTest@57175b0d, testMethod = [null], testException = [null], mergedContextConfiguration = [WebMergedContextConfiguration@2454db5 testClass = HelloControllerTest, locations = '{}', classes = '{class com.mingu.pjt.springboot.Application}', contextInitializerClasses = '[]', activeProfiles = '{}', propertySourceLocations = '{}', propertySourceProperties = '{org.springframework.boot.test.autoconfigure.web.servlet.WebMvcTestContextBootstrapper=true}', contextCustomizers = set[org.springframework.boot.test.autoconfigure.OverrideAutoConfigurationContextCustomizerFactory$DisableAutoConfigurationContextCustomizer@6aa152d2, org.springframework.boot.test.autoconfigure.filter.TypeExcludeFiltersContextCustomizer@e2933426, org.springframework.boot.test.autoconfigure.properties.PropertyMappingContextCustomizer@f560820e, org.springframework.boot.test.autoconfigure.web.servlet.WebDriverContextCustomizerFactory$Customizer@6ac51742, [ImportsContextCustomizer@21cb5de key = [org.springframework.boot.autoconfigure.cache.CacheAutoConfiguration, org.springframework.boot.autoconfigure.context.MessageSourceAutoConfiguration, org.springframework.boot.autoconfigure.data.web.SpringDataWebAutoConfiguration, org.springframework.boot.autoconfigure.freemarker.FreeMarkerAutoConfiguration, org.springframework.boot.autoconfigure.groovy.template.GroovyTemplateAutoConfiguration, org.springframework.boot.autoconfigure.gson.GsonAutoConfiguration, org.springframework.boot.autoconfigure.hateoas.HypermediaAutoConfiguration, org.springframework.boot.autoconfigure.http.HttpMessageConvertersAutoConfiguration, org.springframework.boot.autoconfigure.jackson.JacksonAutoConfiguration, org.springframework.boot.autoconfigure.jsonb.JsonbAutoConfiguration, org.springframework.boot.autoconfigure.mustache.MustacheAutoConfiguration, org.springframework.boot.autoconfigure.task.TaskExecutionAutoConfiguration, org.springframework.boot.autoconfigure.thymeleaf.ThymeleafAutoConfiguration, org.springframework.boot.autoconfigure.validation.ValidationAutoConfiguration, org.springframework.boot.autoconfigure.web.servlet.error.ErrorMvcAutoConfiguration, org.springframework.boot.autoconfigure.web.servlet.WebMvcAutoConfiguration, org.springframework.boot.test.autoconfigure.web.servlet.MockMvcAutoConfiguration, org.springframework.boot.test.autoconfigure.web.servlet.MockMvcSecurityAutoConfiguration, org.springframework.boot.test.autoconfigure.web.servlet.MockMvcWebClientAutoConfiguration, org.springframework.boot.test.autoconfigure.web.servlet.MockMvcWebDriverAutoConfiguration]], org.springframework.boot.test.context.filter.ExcludeFilterContextCustomizer@4200c766, org.springframework.boot.test.json.DuplicateJsonObjectContextCustomizerFactory$DuplicateJsonObjectContextCustomizer@73cf4bdc, org.springframework.boot.test.mock.mockito.MockitoContextCustomizer@0], resourceBasePath = 'src/main/webapp', contextLoader = 'org.springframework.boot.test.context.SpringBootContextLoader', parent = [null]], attributes = map[[empty]]]].
17:36:29.056 [Test worker] DEBUG org.springframework.test.context.support.TestPropertySourceUtils - Adding inlined properties to environment: {spring.jmx.enabled=false, org.springframework.boot.test.autoconfigure.web.servlet.WebMvcTestContextBootstrapper=true, server.port=-1}

  .   ____          _            __ _ _
 /\\ / ___'_ __ _ _(_)_ __  __ _ \ \ \ \
( ( )\___ | '_ | '_| | '_ \/ _` | \ \ \ \
 \\/  ___)| |_)| | | | | || (_| |  ) ) ) )
  '  |____| .__|_| |_|_| |_\__, | / / / /
 =========|_|==============|___/=/_/_/_/
 :: Spring Boot ::        (v2.1.7.RELEASE)

2020-03-03 17:36:29.820  INFO 128740 --- [    Test worker] c.m.p.s.web.HelloControllerTest          : Starting HelloControllerTest on DESKTOP-KNHT3OH with PID 128740 (started by Mingu in C:\Users\Mingu\IdeaProjects\mingu_webPjt)
2020-03-03 17:36:29.826  INFO 128740 --- [    Test worker] c.m.p.s.web.HelloControllerTest          : No active profile set, falling back to default profiles: default
2020-03-03 17:36:34.369  INFO 128740 --- [    Test worker] o.s.s.concurrent.ThreadPoolTaskExecutor  : Initializing ExecutorService 'applicationTaskExecutor'
2020-03-03 17:36:34.599  INFO 128740 --- [    Test worker] o.s.b.a.w.s.WelcomePageHandlerMapping    : Adding welcome page template: index
2020-03-03 17:36:35.545  INFO 128740 --- [    Test worker] .s.s.UserDetailsServiceAutoConfiguration : 

Using generated security password: fc09dfd8-5853-45db-a281-f1fb47d8c367

2020-03-03 17:36:36.415  INFO 128740 --- [    Test worker] o.s.s.web.DefaultSecurityFilterChain     : Creating filter chain: any request, [org.springframework.security.web.context.request.async.WebAsyncManagerIntegrationFilter@62a8c67a, org.springframework.security.web.context.SecurityContextPersistenceFilter@79ce9d3c, org.springframework.security.web.header.HeaderWriterFilter@2aea77da, org.springframework.security.web.csrf.CsrfFilter@ad76668, org.springframework.security.web.authentication.logout.LogoutFilter@513f45d3, org.springframework.security.web.authentication.UsernamePasswordAuthenticationFilter@6ecbaa53, org.springframework.security.web.authentication.ui.DefaultLoginPageGeneratingFilter@59e88d64, org.springframework.security.web.authentication.ui.DefaultLogoutPageGeneratingFilter@4b518d2, org.springframework.security.web.authentication.www.BasicAuthenticationFilter@f204d65, org.springframework.security.web.savedrequest.RequestCacheAwareFilter@6722bf93, org.springframework.security.web.servletapi.SecurityContextHolderAwareRequestFilter@6a642cc2, org.springframework.security.web.authentication.AnonymousAuthenticationFilter@86f2dc4, org.springframework.security.web.session.SessionManagementFilter@1a44e5ab, org.springframework.security.web.access.ExceptionTranslationFilter@6d3bfb97, org.springframework.security.web.access.intercept.FilterSecurityInterceptor@7ea04e4f]
2020-03-03 17:36:36.551  INFO 128740 --- [    Test worker] o.s.b.t.m.w.SpringBootMockServletContext : Initializing Spring TestDispatcherServlet ''
2020-03-03 17:36:36.551  INFO 128740 --- [    Test worker] o.s.t.web.servlet.TestDispatcherServlet  : Initializing Servlet ''
2020-03-03 17:36:36.583  INFO 128740 --- [    Test worker] o.s.t.web.servlet.TestDispatcherServlet  : Completed initialization in 32 ms
2020-03-03 17:36:36.705  INFO 128740 --- [    Test worker] c.m.p.s.web.HelloControllerTest          : Started HelloControllerTest in 7.622 seconds (JVM running for 11.282)
]]></system-out>
  <system-err><![CDATA[]]></system-err>
</testsuite>
